<?xml version="1.0" encoding="UTF-8"?>
<!-- Generated by org.testng.reporters.JUnitReportReporter -->
<testsuite hostname="ojt27-PC" name="DriverFactory.AppTest" tests="1" failures="0" timestamp="9 Jan 2020 12:43:55 GMT" time="139.830" errors="0">
  <testcase name="startTest" time="139.830" classname="DriverFactory.AppTest"/>
</testsuite> <!-- DriverFactory.AppTest -->
